<?xml version="1.0" encoding="UTF-8"?>
<robot generator="Robot 5.0.1 (Python 3.10.6 on win32)" generated="20221026 15:27:04.969" rpa="false" schemaversion="3">
<suite id="s1" name="Serialtest" source="c:\project1\First_Repo\serialtest.robot">
<test id="s1-t1" name="Test case for connection" line="6">
<kw name="Connection" library="modbus">
<var>${connection}</var>
<msg timestamp="20221026 15:27:05.536" level="INFO">${connection} = 1</msg>
<status status="PASS" starttime="20221026 15:27:05.520" endtime="20221026 15:27:05.553"/>
</kw>
<kw name="Log" library="BuiltIn">
<arg>${connection}</arg>
<doc>Logs the given message with the given level.</doc>
<msg timestamp="20221026 15:27:05.573" level="INFO">1</msg>
<status status="PASS" starttime="20221026 15:27:05.566" endtime="20221026 15:27:05.574"/>
</kw>
<kw name="Should Be Equal" library="BuiltIn">
<arg>${connection}</arg>
<arg>${1}</arg>
<doc>Fails if the given objects are unequal.</doc>
<status status="PASS" starttime="20221026 15:27:05.576" endtime="20221026 15:27:05.586"/>
</kw>
<status status="PASS" starttime="20221026 15:27:05.511" endtime="20221026 15:27:05.590"/>
</test>
<test id="s1-t2" name="Test Cases for POUT" line="20">
<kw name="Create List" library="BuiltIn">
<var>@{pout}</var>
<arg>${17142}</arg>
<arg>${58982}</arg>
<doc>Returns a list containing given items.</doc>
<msg timestamp="20221026 15:27:05.606" level="INFO">@{pout} = [ 17142 | 58982 ]</msg>
<status status="PASS" starttime="20221026 15:27:05.606" endtime="20221026 15:27:05.606"/>
</kw>
<kw name="Log List" library="Collections">
<arg>${pout}</arg>
<doc>Logs the length and contents of the ``list`` using given ``level``.</doc>
<msg timestamp="20221026 15:27:05.613" level="INFO">List length is 2 and it contains following items:
0: 17142
1: 58982</msg>
<status status="PASS" starttime="20221026 15:27:05.611" endtime="20221026 15:27:05.614"/>
</kw>
<kw name="Func 04" library="modbus">
<var>@{fun}</var>
<arg>${30002}</arg>
<arg>${2}</arg>
<msg timestamp="20221026 15:27:05.669" level="INFO">[17142, 58982]</msg>
<msg timestamp="20221026 15:27:05.670" level="INFO">@{fun} = [ 17142 | 58982 ]</msg>
<status status="PASS" starttime="20221026 15:27:05.616" endtime="20221026 15:27:05.670"/>
</kw>
<kw name="Log List" library="Collections">
<arg>${fun}</arg>
<doc>Logs the length and contents of the ``list`` using given ``level``.</doc>
<msg timestamp="20221026 15:27:05.673" level="INFO">List length is 2 and it contains following items:
0: 17142
1: 58982</msg>
<status status="PASS" starttime="20221026 15:27:05.672" endtime="20221026 15:27:05.674"/>
</kw>
<kw name="Lists Should Be Equal" library="Collections">
<arg>${fun}</arg>
<arg>${pout}</arg>
<doc>Fails if given lists are unequal.</doc>
<status status="PASS" starttime="20221026 15:27:05.676" endtime="20221026 15:27:05.677"/>
</kw>
<status status="PASS" starttime="20221026 15:27:05.601" endtime="20221026 15:27:05.681"/>
</test>
<status status="PASS" starttime="20221026 15:27:04.999" endtime="20221026 15:27:05.687"/>
</suite>
<statistics>
<total>
<stat pass="2" fail="0" skip="0">All Tests</stat>
</total>
<tag>
</tag>
<suite>
<stat pass="2" fail="0" skip="0" id="s1" name="Serialtest">Serialtest</stat>
</suite>
</statistics>
<errors>
</errors>
</robot>
